# JRE version: Java(TM) SE Runtime Environment (8.0_241-b07) (build 1.8.0_241-b07)
# Java VM: Java HotSpot(TM) 64-Bit Server VM (25.241-b07 mixed mode windows-amd64 compressed oops)
Heap:
 PSYoungGen      total 38400K, used 9661K [0x00000000d5e00000, 0x00000000d8880000, 0x0000000100000000)
  eden space 33280K, 15% used [0x00000000d5e00000,0x00000000d62fcc78,0x00000000d7e80000)
  from space 5120K, 88% used [0x00000000d8380000,0x00000000d87f2910,0x00000000d8880000)
  to   space 5120K, 0% used [0x00000000d7e80000,0x00000000d7e80000,0x00000000d8380000)
 ParOldGen       total 87552K, used 1413K [0x0000000081a00000, 0x0000000086f80000, 0x00000000d5e00000)
  object space 87552K, 1% used [0x0000000081a00000,0x0000000081b61468,0x0000000086f80000)
 Metaspace       used 9579K, capacity 9792K, committed 9984K, reserved 1058816K
  class space    used 1100K, capacity 1192K, committed 1280K, reserved 1048576K
GC Heap History (4 events):
Event: 24.186 GC heap before
{Heap before GC invocations=1 (full 0):
 PSYoungGen      total 38400K, used 32908K [0x00000000d5e00000, 0x00000000d8880000, 0x0000000100000000)
  eden space 33280K, 98% used [0x00000000d5e00000,0x00000000d7e232f8,0x00000000d7e80000)
  from space 5120K, 0% used [0x00000000d8380000,0x00000000d8380000,0x00000000d8880000)
  to   space 5120K, 0% used [0x00000000d7e80000,0x00000000d7e80000,0x00000000d8380000)
 ParOldGen       total 87552K, used 0K [0x0000000081a00000, 0x0000000086f80000, 0x00000000d5e00000)
  object space 87552K, 0% used [0x0000000081a00000,0x0000000081a00000,0x0000000086f80000)
 Metaspace       used 9398K, capacity 9582K, committed 9728K, reserved 1058816K
  class space    used 1097K, capacity 1189K, committed 1280K, reserved 1048576K
Event: 24.189 GC heap after
Heap after GC invocations=1 (full 0):
 PSYoungGen      total 38400K, used 3852K [0x00000000d5e00000, 0x00000000d8880000, 0x0000000100000000)
  eden space 33280K, 0% used [0x00000000d5e00000,0x00000000d5e00000,0x00000000d7e80000)
  from space 5120K, 75% used [0x00000000d7e80000,0x00000000d8243050,0x00000000d8380000)
  to   space 5120K, 0% used [0x00000000d8380000,0x00000000d8380000,0x00000000d8880000)
 ParOldGen       total 87552K, used 16K [0x0000000081a00000, 0x0000000086f80000, 0x00000000d5e00000)
  object space 87552K, 0% used [0x0000000081a00000,0x0000000081a04000,0x0000000086f80000)
 Metaspace       used 9398K, capacity 9582K, committed 9728K, reserved 1058816K
  class space    used 1097K, capacity 1189K, committed 1280K, reserved 1048576K
}
Event: 24.689 GC heap before
{Heap before GC invocations=2 (full 0):
 PSYoungGen      total 38400K, used 36834K [0x00000000d5e00000, 0x00000000d8880000, 0x0000000100000000)
  eden space 33280K, 99% used [0x00000000d5e00000,0x00000000d7e35b38,0x00000000d7e80000)
  from space 5120K, 75% used [0x00000000d7e80000,0x00000000d8243050,0x00000000d8380000)
  to   space 5120K, 0% used [0x00000000d8380000,0x00000000d8380000,0x00000000d8880000)
 ParOldGen       total 87552K, used 16K [0x0000000081a00000, 0x0000000086f80000, 0x00000000d5e00000)
  object space 87552K, 0% used [0x0000000081a00000,0x0000000081a04000,0x0000000086f80000)
 Metaspace       used 9443K, capacity 9646K, committed 9984K, reserved 1058816K
  class space    used 1097K, capacity 1189K, committed 1280K, reserved 1048576K
Event: 24.692 GC heap after
Heap after GC invocations=2 (full 0):
 PSYoungGen      total 38400K, used 4554K [0x00000000d5e00000, 0x00000000d8880000, 0x0000000100000000)
  eden space 33280K, 0% used [0x00000000d5e00000,0x00000000d5e00000,0x00000000d7e80000)
  from space 5120K, 88% used [0x00000000d8380000,0x00000000d87f2910,0x00000000d8880000)
  to   space 5120K, 0% used [0x00000000d7e80000,0x00000000d7e80000,0x00000000d8380000)
 ParOldGen       total 87552K, used 1413K [0x0000000081a00000, 0x0000000086f80000, 0x00000000d5e00000)
  object space 87552K, 1% used [0x0000000081a00000,0x0000000081b61468,0x0000000086f80000)
 Metaspace       used 9443K, capacity 9646K, committed 9984K, reserved 1058816K
  class space    used 1097K, capacity 1189K, committed 1280K, reserved 1048576K
}

